The target system is: Emscripten - 1 - x86
The host system is: Darwin - 15.3.0 - x86_64
Determining if the include file sys/types.h exists passed with the following output:
Change Dir: /Users/josh/spider_hider/spider_hider_new_project_directory/dlib/build/CMakeFiles/CMakeTmp

Run Build Command:"/usr/bin/make" "cmTC_9c051/fast"
/Applications/Xcode.app/Contents/Developer/usr/bin/make -f CMakeFiles/cmTC_9c051.dir/build.make CMakeFiles/cmTC_9c051.dir/build
Building C object CMakeFiles/cmTC_9c051.dir/CheckIncludeFile.c.o
/Users/josh/dev/emsdk_portable/emscripten/1.35.0/emcc    -s ERROR_ON_UNDEFINED_SYMBOLS=1   -o CMakeFiles/cmTC_9c051.dir/CheckIncludeFile.c.o   -c /Users/josh/spider_hider/spider_hider_new_project_directory/dlib/build/CMakeFiles/CMakeTmp/CheckIncludeFile.c
Linking C executable cmTC_9c051.js
/usr/local/Cellar/cmake/3.4.3/bin/cmake -E cmake_link_script CMakeFiles/cmTC_9c051.dir/link.txt --verbose=1
/Users/josh/dev/emsdk_portable/emscripten/1.35.0/emcc   -s ERROR_ON_UNDEFINED_SYMBOLS=1    @CMakeFiles/cmTC_9c051.dir/objects1.rsp  -o cmTC_9c051.js  


Determining if the include file stdint.h exists passed with the following output:
Change Dir: /Users/josh/spider_hider/spider_hider_new_project_directory/dlib/build/CMakeFiles/CMakeTmp

Run Build Command:"/usr/bin/make" "cmTC_f4a10/fast"
/Applications/Xcode.app/Contents/Developer/usr/bin/make -f CMakeFiles/cmTC_f4a10.dir/build.make CMakeFiles/cmTC_f4a10.dir/build
Building C object CMakeFiles/cmTC_f4a10.dir/CheckIncludeFile.c.o
/Users/josh/dev/emsdk_portable/emscripten/1.35.0/emcc    -s ERROR_ON_UNDEFINED_SYMBOLS=1   -o CMakeFiles/cmTC_f4a10.dir/CheckIncludeFile.c.o   -c /Users/josh/spider_hider/spider_hider_new_project_directory/dlib/build/CMakeFiles/CMakeTmp/CheckIncludeFile.c
Linking C executable cmTC_f4a10.js
/usr/local/Cellar/cmake/3.4.3/bin/cmake -E cmake_link_script CMakeFiles/cmTC_f4a10.dir/link.txt --verbose=1
/Users/josh/dev/emsdk_portable/emscripten/1.35.0/emcc   -s ERROR_ON_UNDEFINED_SYMBOLS=1    @CMakeFiles/cmTC_f4a10.dir/objects1.rsp  -o cmTC_f4a10.js  


Determining if the include file stddef.h exists passed with the following output:
Change Dir: /Users/josh/spider_hider/spider_hider_new_project_directory/dlib/build/CMakeFiles/CMakeTmp

Run Build Command:"/usr/bin/make" "cmTC_0781f/fast"
/Applications/Xcode.app/Contents/Developer/usr/bin/make -f CMakeFiles/cmTC_0781f.dir/build.make CMakeFiles/cmTC_0781f.dir/build
Building C object CMakeFiles/cmTC_0781f.dir/CheckIncludeFile.c.o
/Users/josh/dev/emsdk_portable/emscripten/1.35.0/emcc    -s ERROR_ON_UNDEFINED_SYMBOLS=1   -o CMakeFiles/cmTC_0781f.dir/CheckIncludeFile.c.o   -c /Users/josh/spider_hider/spider_hider_new_project_directory/dlib/build/CMakeFiles/CMakeTmp/CheckIncludeFile.c
Linking C executable cmTC_0781f.js
/usr/local/Cellar/cmake/3.4.3/bin/cmake -E cmake_link_script CMakeFiles/cmTC_0781f.dir/link.txt --verbose=1
/Users/josh/dev/emsdk_portable/emscripten/1.35.0/emcc   -s ERROR_ON_UNDEFINED_SYMBOLS=1    @CMakeFiles/cmTC_0781f.dir/objects1.rsp  -o cmTC_0781f.js  


Determining size of void* passed with the following output:
Change Dir: /Users/josh/spider_hider/spider_hider_new_project_directory/dlib/build/CMakeFiles/CMakeTmp

Run Build Command:"/usr/bin/make" "cmTC_d8eb9/fast"
/Applications/Xcode.app/Contents/Developer/usr/bin/make -f CMakeFiles/cmTC_d8eb9.dir/build.make CMakeFiles/cmTC_d8eb9.dir/build
Building C object CMakeFiles/cmTC_d8eb9.dir/SIZE_OF_VOID_PTR.c.o
/Users/josh/dev/emsdk_portable/emscripten/1.35.0/emcc    -s ERROR_ON_UNDEFINED_SYMBOLS=1   -o CMakeFiles/cmTC_d8eb9.dir/SIZE_OF_VOID_PTR.c.o   -c /Users/josh/spider_hider/spider_hider_new_project_directory/dlib/build/CMakeFiles/CheckTypeSize/SIZE_OF_VOID_PTR.c
Linking C executable cmTC_d8eb9.js
/usr/local/Cellar/cmake/3.4.3/bin/cmake -E cmake_link_script CMakeFiles/cmTC_d8eb9.dir/link.txt --verbose=1
/Users/josh/dev/emsdk_portable/emscripten/1.35.0/emcc   -s ERROR_ON_UNDEFINED_SYMBOLS=1    @CMakeFiles/cmTC_d8eb9.dir/objects1.rsp  -o cmTC_d8eb9.js  


Determining if the CXX compiler has std namespace passed with the following output:
Change Dir: /Users/josh/spider_hider/spider_hider_new_project_directory/dlib/build/CMakeFiles/CMakeTmp

Run Build Command:"/usr/bin/make" "cmTC_f8a81/fast"
/Applications/Xcode.app/Contents/Developer/usr/bin/make -f CMakeFiles/cmTC_f8a81.dir/build.make CMakeFiles/cmTC_f8a81.dir/build
Building CXX object CMakeFiles/cmTC_f8a81.dir/TestForSTDNamespace.cxx.o
/Users/josh/dev/emsdk_portable/emscripten/1.35.0/em++      -o CMakeFiles/cmTC_f8a81.dir/TestForSTDNamespace.cxx.o -c /usr/local/Cellar/cmake/3.4.3/share/cmake/Modules/TestForSTDNamespace.cxx
Linking CXX executable cmTC_f8a81.js
/usr/local/Cellar/cmake/3.4.3/bin/cmake -E cmake_link_script CMakeFiles/cmTC_f8a81.dir/link.txt --verbose=1
/Users/josh/dev/emsdk_portable/emscripten/1.35.0/em++        @CMakeFiles/cmTC_f8a81.dir/objects1.rsp  -o cmTC_f8a81.js  


Determining if the include file iostream exists passed with the following output:
Change Dir: /Users/josh/spider_hider/spider_hider_new_project_directory/dlib/build/CMakeFiles/CMakeTmp

Run Build Command:"/usr/bin/make" "cmTC_8b345/fast"
/Applications/Xcode.app/Contents/Developer/usr/bin/make -f CMakeFiles/cmTC_8b345.dir/build.make CMakeFiles/cmTC_8b345.dir/build
Building CXX object CMakeFiles/cmTC_8b345.dir/CheckIncludeFile.cxx.o
/Users/josh/dev/emsdk_portable/emscripten/1.35.0/em++     -s ERROR_ON_UNDEFINED_SYMBOLS=1   -o CMakeFiles/cmTC_8b345.dir/CheckIncludeFile.cxx.o -c /Users/josh/spider_hider/spider_hider_new_project_directory/dlib/build/CMakeFiles/CMakeTmp/CheckIncludeFile.cxx
Linking CXX executable cmTC_8b345.js
/usr/local/Cellar/cmake/3.4.3/bin/cmake -E cmake_link_script CMakeFiles/cmTC_8b345.dir/link.txt --verbose=1
/Users/josh/dev/emsdk_portable/emscripten/1.35.0/em++    -s ERROR_ON_UNDEFINED_SYMBOLS=1    @CMakeFiles/cmTC_8b345.dir/objects1.rsp  -o cmTC_8b345.js  


