The system is: Linux - 3.13.0-36-generic - x86_64
Compiling the C compiler identification source file "CMakeCCompilerId.c" succeeded.
Compiler: /usr/bin/cc 
Build flags: 
Id flags: 

The output was:
0


Compilation of the C compiler identification source "CMakeCCompilerId.c" produced "a.out"

The C compiler identification is GNU, found in "/home/josh/dlib-18.17/python_examples/build/CMakeFiles/2.8.12.2/CompilerIdC/a.out"

Compiling the CXX compiler identification source file "CMakeCXXCompilerId.cpp" succeeded.
Compiler: /usr/bin/c++ 
Build flags: 
Id flags: 

The output was:
0


Compilation of the CXX compiler identification source "CMakeCXXCompilerId.cpp" produced "a.out"

The CXX compiler identification is GNU, found in "/home/josh/dlib-18.17/python_examples/build/CMakeFiles/2.8.12.2/CompilerIdCXX/a.out"

Determining if the C compiler works passed with the following output:
Change Dir: /home/josh/dlib-18.17/python_examples/build/CMakeFiles/CMakeTmp

Run Build Command:/usr/bin/make "cmTryCompileExec542747666/fast"
/usr/bin/make -f CMakeFiles/cmTryCompileExec542747666.dir/build.make CMakeFiles/cmTryCompileExec542747666.dir/build
make[1]: Entering directory `/home/josh/dlib-18.17/python_examples/build/CMakeFiles/CMakeTmp'
/usr/bin/cmake -E cmake_progress_report /home/josh/dlib-18.17/python_examples/build/CMakeFiles/CMakeTmp/CMakeFiles 1
Building C object CMakeFiles/cmTryCompileExec542747666.dir/testCCompiler.c.o
/usr/bin/cc    -o CMakeFiles/cmTryCompileExec542747666.dir/testCCompiler.c.o   -c /home/josh/dlib-18.17/python_examples/build/CMakeFiles/CMakeTmp/testCCompiler.c
Linking C executable cmTryCompileExec542747666
/usr/bin/cmake -E cmake_link_script CMakeFiles/cmTryCompileExec542747666.dir/link.txt --verbose=1
/usr/bin/cc       CMakeFiles/cmTryCompileExec542747666.dir/testCCompiler.c.o  -o cmTryCompileExec542747666 -rdynamic 
make[1]: Leaving directory `/home/josh/dlib-18.17/python_examples/build/CMakeFiles/CMakeTmp'


Detecting C compiler ABI info compiled with the following output:
Change Dir: /home/josh/dlib-18.17/python_examples/build/CMakeFiles/CMakeTmp

Run Build Command:/usr/bin/make "cmTryCompileExec47694861/fast"
/usr/bin/make -f CMakeFiles/cmTryCompileExec47694861.dir/build.make CMakeFiles/cmTryCompileExec47694861.dir/build
make[1]: Entering directory `/home/josh/dlib-18.17/python_examples/build/CMakeFiles/CMakeTmp'
/usr/bin/cmake -E cmake_progress_report /home/josh/dlib-18.17/python_examples/build/CMakeFiles/CMakeTmp/CMakeFiles 1
Building C object CMakeFiles/cmTryCompileExec47694861.dir/CMakeCCompilerABI.c.o
/usr/bin/cc    -o CMakeFiles/cmTryCompileExec47694861.dir/CMakeCCompilerABI.c.o   -c /usr/share/cmake-2.8/Modules/CMakeCCompilerABI.c
Linking C executable cmTryCompileExec47694861
/usr/bin/cmake -E cmake_link_script CMakeFiles/cmTryCompileExec47694861.dir/link.txt --verbose=1
/usr/bin/cc     -v CMakeFiles/cmTryCompileExec47694861.dir/CMakeCCompilerABI.c.o  -o cmTryCompileExec47694861 -rdynamic  
Using built-in specs.
COLLECT_GCC=/usr/bin/cc
COLLECT_LTO_WRAPPER=/usr/lib/gcc/x86_64-linux-gnu/4.8/lto-wrapper
Target: x86_64-linux-gnu
Configured with: ../src/configure -v --with-pkgversion='Ubuntu 4.8.2-19ubuntu1' --with-bugurl=file:///usr/share/doc/gcc-4.8/README.Bugs --enable-languages=c,c++,java,go,d,fortran,objc,obj-c++ --prefix=/usr --program-suffix=-4.8 --enable-shared --enable-linker-build-id --libexecdir=/usr/lib --without-included-gettext --enable-threads=posix --with-gxx-include-dir=/usr/include/c++/4.8 --libdir=/usr/lib --enable-nls --with-sysroot=/ --enable-clocale=gnu --enable-libstdcxx-debug --enable-libstdcxx-time=yes --enable-gnu-unique-object --disable-libmudflap --enable-plugin --with-system-zlib --disable-browser-plugin --enable-java-awt=gtk --enable-gtk-cairo --with-java-home=/usr/lib/jvm/java-1.5.0-gcj-4.8-amd64/jre --enable-java-home --with-jvm-root-dir=/usr/lib/jvm/java-1.5.0-gcj-4.8-amd64 --with-jvm-jar-dir=/usr/lib/jvm-exports/java-1.5.0-gcj-4.8-amd64 --with-arch-directory=amd64 --with-ecj-jar=/usr/share/java/eclipse-ecj.jar --enable-objc-gc --enable-multiarch --disable-werror --with-arch-32=i686 --with-abi=m64 --with-multilib-list=m32,m64,mx32 --with-tune=generic --enable-checking=release --build=x86_64-linux-gnu --host=x86_64-linux-gnu --target=x86_64-linux-gnu
Thread model: posix
gcc version 4.8.2 (Ubuntu 4.8.2-19ubuntu1) 
COMPILER_PATH=/usr/lib/gcc/x86_64-linux-gnu/4.8/:/usr/lib/gcc/x86_64-linux-gnu/4.8/:/usr/lib/gcc/x86_64-linux-gnu/:/usr/lib/gcc/x86_64-linux-gnu/4.8/:/usr/lib/gcc/x86_64-linux-gnu/
LIBRARY_PATH=/usr/lib/gcc/x86_64-linux-gnu/4.8/:/usr/lib/gcc/x86_64-linux-gnu/4.8/../../../x86_64-linux-gnu/:/usr/lib/gcc/x86_64-linux-gnu/4.8/../../../../lib/:/lib/x86_64-linux-gnu/:/lib/../lib/:/usr/lib/x86_64-linux-gnu/:/usr/lib/../lib/:/usr/lib/gcc/x86_64-linux-gnu/4.8/../../../:/lib/:/usr/lib/
COLLECT_GCC_OPTIONS='-v' '-o' 'cmTryCompileExec47694861' '-rdynamic' '-mtune=generic' '-march=x86-64'
 /usr/lib/gcc/x86_64-linux-gnu/4.8/collect2 --sysroot=/ --build-id --eh-frame-hdr -m elf_x86_64 --hash-style=gnu --as-needed -export-dynamic -dynamic-linker /lib64/ld-linux-x86-64.so.2 -z relro -o cmTryCompileExec47694861 /usr/lib/gcc/x86_64-linux-gnu/4.8/../../../x86_64-linux-gnu/crt1.o /usr/lib/gcc/x86_64-linux-gnu/4.8/../../../x86_64-linux-gnu/crti.o /usr/lib/gcc/x86_64-linux-gnu/4.8/crtbegin.o -L/usr/lib/gcc/x86_64-linux-gnu/4.8 -L/usr/lib/gcc/x86_64-linux-gnu/4.8/../../../x86_64-linux-gnu -L/usr/lib/gcc/x86_64-linux-gnu/4.8/../../../../lib -L/lib/x86_64-linux-gnu -L/lib/../lib -L/usr/lib/x86_64-linux-gnu -L/usr/lib/../lib -L/usr/lib/gcc/x86_64-linux-gnu/4.8/../../.. CMakeFiles/cmTryCompileExec47694861.dir/CMakeCCompilerABI.c.o -lgcc --as-needed -lgcc_s --no-as-needed -lc -lgcc --as-needed -lgcc_s --no-as-needed /usr/lib/gcc/x86_64-linux-gnu/4.8/crtend.o /usr/lib/gcc/x86_64-linux-gnu/4.8/../../../x86_64-linux-gnu/crtn.o
make[1]: Leaving directory `/home/josh/dlib-18.17/python_examples/build/CMakeFiles/CMakeTmp'


Parsed C implicit link information from above output:
  link line regex: [^( *|.*[/\])(ld|([^/\]+-)?ld|collect2)[^/\]*( |$)]
  ignore line: [Change Dir: /home/josh/dlib-18.17/python_examples/build/CMakeFiles/CMakeTmp]
  ignore line: []
  ignore line: [Run Build Command:/usr/bin/make "cmTryCompileExec47694861/fast"]
  ignore line: [/usr/bin/make -f CMakeFiles/cmTryCompileExec47694861.dir/build.make CMakeFiles/cmTryCompileExec47694861.dir/build]
  ignore line: [make[1]: Entering directory `/home/josh/dlib-18.17/python_examples/build/CMakeFiles/CMakeTmp']
  ignore line: [/usr/bin/cmake -E cmake_progress_report /home/josh/dlib-18.17/python_examples/build/CMakeFiles/CMakeTmp/CMakeFiles 1]
  ignore line: [Building C object CMakeFiles/cmTryCompileExec47694861.dir/CMakeCCompilerABI.c.o]
  ignore line: [/usr/bin/cc    -o CMakeFiles/cmTryCompileExec47694861.dir/CMakeCCompilerABI.c.o   -c /usr/share/cmake-2.8/Modules/CMakeCCompilerABI.c]
  ignore line: [Linking C executable cmTryCompileExec47694861]
  ignore line: [/usr/bin/cmake -E cmake_link_script CMakeFiles/cmTryCompileExec47694861.dir/link.txt --verbose=1]
  ignore line: [/usr/bin/cc     -v CMakeFiles/cmTryCompileExec47694861.dir/CMakeCCompilerABI.c.o  -o cmTryCompileExec47694861 -rdynamic  ]
  ignore line: [Using built-in specs.]
  ignore line: [COLLECT_GCC=/usr/bin/cc]
  ignore line: [COLLECT_LTO_WRAPPER=/usr/lib/gcc/x86_64-linux-gnu/4.8/lto-wrapper]
  ignore line: [Target: x86_64-linux-gnu]
  ignore line: [Configured with: ../src/configure -v --with-pkgversion='Ubuntu 4.8.2-19ubuntu1' --with-bugurl=file:///usr/share/doc/gcc-4.8/README.Bugs --enable-languages=c,c++,java,go,d,fortran,objc,obj-c++ --prefix=/usr --program-suffix=-4.8 --enable-shared --enable-linker-build-id --libexecdir=/usr/lib --without-included-gettext --enable-threads=posix --with-gxx-include-dir=/usr/include/c++/4.8 --libdir=/usr/lib --enable-nls --with-sysroot=/ --enable-clocale=gnu --enable-libstdcxx-debug --enable-libstdcxx-time=yes --enable-gnu-unique-object --disable-libmudflap --enable-plugin --with-system-zlib --disable-browser-plugin --enable-java-awt=gtk --enable-gtk-cairo --with-java-home=/usr/lib/jvm/java-1.5.0-gcj-4.8-amd64/jre --enable-java-home --with-jvm-root-dir=/usr/lib/jvm/java-1.5.0-gcj-4.8-amd64 --with-jvm-jar-dir=/usr/lib/jvm-exports/java-1.5.0-gcj-4.8-amd64 --with-arch-directory=amd64 --with-ecj-jar=/usr/share/java/eclipse-ecj.jar --enable-objc-gc --enable-multiarch --disable-werror --with-arch-32=i686 --with-abi=m64 --with-multilib-list=m32,m64,mx32 --with-tune=generic --enable-checking=release --build=x86_64-linux-gnu --host=x86_64-linux-gnu --target=x86_64-linux-gnu]
  ignore line: [Thread model: posix]
  ignore line: [gcc version 4.8.2 (Ubuntu 4.8.2-19ubuntu1) ]
  ignore line: [COMPILER_PATH=/usr/lib/gcc/x86_64-linux-gnu/4.8/:/usr/lib/gcc/x86_64-linux-gnu/4.8/:/usr/lib/gcc/x86_64-linux-gnu/:/usr/lib/gcc/x86_64-linux-gnu/4.8/:/usr/lib/gcc/x86_64-linux-gnu/]
  ignore line: [LIBRARY_PATH=/usr/lib/gcc/x86_64-linux-gnu/4.8/:/usr/lib/gcc/x86_64-linux-gnu/4.8/../../../x86_64-linux-gnu/:/usr/lib/gcc/x86_64-linux-gnu/4.8/../../../../lib/:/lib/x86_64-linux-gnu/:/lib/../lib/:/usr/lib/x86_64-linux-gnu/:/usr/lib/../lib/:/usr/lib/gcc/x86_64-linux-gnu/4.8/../../../:/lib/:/usr/lib/]
  ignore line: [COLLECT_GCC_OPTIONS='-v' '-o' 'cmTryCompileExec47694861' '-rdynamic' '-mtune=generic' '-march=x86-64']
  link line: [ /usr/lib/gcc/x86_64-linux-gnu/4.8/collect2 --sysroot=/ --build-id --eh-frame-hdr -m elf_x86_64 --hash-style=gnu --as-needed -export-dynamic -dynamic-linker /lib64/ld-linux-x86-64.so.2 -z relro -o cmTryCompileExec47694861 /usr/lib/gcc/x86_64-linux-gnu/4.8/../../../x86_64-linux-gnu/crt1.o /usr/lib/gcc/x86_64-linux-gnu/4.8/../../../x86_64-linux-gnu/crti.o /usr/lib/gcc/x86_64-linux-gnu/4.8/crtbegin.o -L/usr/lib/gcc/x86_64-linux-gnu/4.8 -L/usr/lib/gcc/x86_64-linux-gnu/4.8/../../../x86_64-linux-gnu -L/usr/lib/gcc/x86_64-linux-gnu/4.8/../../../../lib -L/lib/x86_64-linux-gnu -L/lib/../lib -L/usr/lib/x86_64-linux-gnu -L/usr/lib/../lib -L/usr/lib/gcc/x86_64-linux-gnu/4.8/../../.. CMakeFiles/cmTryCompileExec47694861.dir/CMakeCCompilerABI.c.o -lgcc --as-needed -lgcc_s --no-as-needed -lc -lgcc --as-needed -lgcc_s --no-as-needed /usr/lib/gcc/x86_64-linux-gnu/4.8/crtend.o /usr/lib/gcc/x86_64-linux-gnu/4.8/../../../x86_64-linux-gnu/crtn.o]
    arg [/usr/lib/gcc/x86_64-linux-gnu/4.8/collect2] ==> ignore
    arg [--sysroot=/] ==> ignore
    arg [--build-id] ==> ignore
    arg [--eh-frame-hdr] ==> ignore
    arg [-m] ==> ignore
    arg [elf_x86_64] ==> ignore
    arg [--hash-style=gnu] ==> ignore
    arg [--as-needed] ==> ignore
    arg [-export-dynamic] ==> ignore
    arg [-dynamic-linker] ==> ignore
    arg [/lib64/ld-linux-x86-64.so.2] ==> ignore
    arg [-zrelro] ==> ignore
    arg [-o] ==> ignore
    arg [cmTryCompileExec47694861] ==> ignore
    arg [/usr/lib/gcc/x86_64-linux-gnu/4.8/../../../x86_64-linux-gnu/crt1.o] ==> ignore
    arg [/usr/lib/gcc/x86_64-linux-gnu/4.8/../../../x86_64-linux-gnu/crti.o] ==> ignore
    arg [/usr/lib/gcc/x86_64-linux-gnu/4.8/crtbegin.o] ==> ignore
    arg [-L/usr/lib/gcc/x86_64-linux-gnu/4.8] ==> dir [/usr/lib/gcc/x86_64-linux-gnu/4.8]
    arg [-L/usr/lib/gcc/x86_64-linux-gnu/4.8/../../../x86_64-linux-gnu] ==> dir [/usr/lib/gcc/x86_64-linux-gnu/4.8/../../../x86_64-linux-gnu]
    arg [-L/usr/lib/gcc/x86_64-linux-gnu/4.8/../../../../lib] ==> dir [/usr/lib/gcc/x86_64-linux-gnu/4.8/../../../../lib]
    arg [-L/lib/x86_64-linux-gnu] ==> dir [/lib/x86_64-linux-gnu]
    arg [-L/lib/../lib] ==> dir [/lib/../lib]
    arg [-L/usr/lib/x86_64-linux-gnu] ==> dir [/usr/lib/x86_64-linux-gnu]
    arg [-L/usr/lib/../lib] ==> dir [/usr/lib/../lib]
    arg [-L/usr/lib/gcc/x86_64-linux-gnu/4.8/../../..] ==> dir [/usr/lib/gcc/x86_64-linux-gnu/4.8/../../..]
    arg [CMakeFiles/cmTryCompileExec47694861.dir/CMakeCCompilerABI.c.o] ==> ignore
    arg [-lgcc] ==> lib [gcc]
    arg [--as-needed] ==> ignore
    arg [-lgcc_s] ==> lib [gcc_s]
    arg [--no-as-needed] ==> ignore
    arg [-lc] ==> lib [c]
    arg [-lgcc] ==> lib [gcc]
    arg [--as-needed] ==> ignore
    arg [-lgcc_s] ==> lib [gcc_s]
    arg [--no-as-needed] ==> ignore
    arg [/usr/lib/gcc/x86_64-linux-gnu/4.8/crtend.o] ==> ignore
    arg [/usr/lib/gcc/x86_64-linux-gnu/4.8/../../../x86_64-linux-gnu/crtn.o] ==> ignore
  remove lib [gcc]
  remove lib [gcc_s]
  remove lib [gcc]
  remove lib [gcc_s]
  collapse library dir [/usr/lib/gcc/x86_64-linux-gnu/4.8] ==> [/usr/lib/gcc/x86_64-linux-gnu/4.8]
  collapse library dir [/usr/lib/gcc/x86_64-linux-gnu/4.8/../../../x86_64-linux-gnu] ==> [/usr/lib/x86_64-linux-gnu]
  collapse library dir [/usr/lib/gcc/x86_64-linux-gnu/4.8/../../../../lib] ==> [/usr/lib]
  collapse library dir [/lib/x86_64-linux-gnu] ==> [/lib/x86_64-linux-gnu]
  collapse library dir [/lib/../lib] ==> [/lib]
  collapse library dir [/usr/lib/x86_64-linux-gnu] ==> [/usr/lib/x86_64-linux-gnu]
  collapse library dir [/usr/lib/../lib] ==> [/usr/lib]
  collapse library dir [/usr/lib/gcc/x86_64-linux-gnu/4.8/../../..] ==> [/usr/lib]
  implicit libs: [c]
  implicit dirs: [/usr/lib/gcc/x86_64-linux-gnu/4.8;/usr/lib/x86_64-linux-gnu;/usr/lib;/lib/x86_64-linux-gnu;/lib]
  implicit fwks: []


Determining if the CXX compiler works passed with the following output:
Change Dir: /home/josh/dlib-18.17/python_examples/build/CMakeFiles/CMakeTmp

Run Build Command:/usr/bin/make "cmTryCompileExec1232848139/fast"
/usr/bin/make -f CMakeFiles/cmTryCompileExec1232848139.dir/build.make CMakeFiles/cmTryCompileExec1232848139.dir/build
make[1]: Entering directory `/home/josh/dlib-18.17/python_examples/build/CMakeFiles/CMakeTmp'
/usr/bin/cmake -E cmake_progress_report /home/josh/dlib-18.17/python_examples/build/CMakeFiles/CMakeTmp/CMakeFiles 1
Building CXX object CMakeFiles/cmTryCompileExec1232848139.dir/testCXXCompiler.cxx.o
/usr/bin/c++     -o CMakeFiles/cmTryCompileExec1232848139.dir/testCXXCompiler.cxx.o -c /home/josh/dlib-18.17/python_examples/build/CMakeFiles/CMakeTmp/testCXXCompiler.cxx
Linking CXX executable cmTryCompileExec1232848139
/usr/bin/cmake -E cmake_link_script CMakeFiles/cmTryCompileExec1232848139.dir/link.txt --verbose=1
/usr/bin/c++        CMakeFiles/cmTryCompileExec1232848139.dir/testCXXCompiler.cxx.o  -o cmTryCompileExec1232848139 -rdynamic 
make[1]: Leaving directory `/home/josh/dlib-18.17/python_examples/build/CMakeFiles/CMakeTmp'


Detecting CXX compiler ABI info compiled with the following output:
Change Dir: /home/josh/dlib-18.17/python_examples/build/CMakeFiles/CMakeTmp

Run Build Command:/usr/bin/make "cmTryCompileExec4188859720/fast"
/usr/bin/make -f CMakeFiles/cmTryCompileExec4188859720.dir/build.make CMakeFiles/cmTryCompileExec4188859720.dir/build
make[1]: Entering directory `/home/josh/dlib-18.17/python_examples/build/CMakeFiles/CMakeTmp'
/usr/bin/cmake -E cmake_progress_report /home/josh/dlib-18.17/python_examples/build/CMakeFiles/CMakeTmp/CMakeFiles 1
Building CXX object CMakeFiles/cmTryCompileExec4188859720.dir/CMakeCXXCompilerABI.cpp.o
/usr/bin/c++     -o CMakeFiles/cmTryCompileExec4188859720.dir/CMakeCXXCompilerABI.cpp.o -c /usr/share/cmake-2.8/Modules/CMakeCXXCompilerABI.cpp
Linking CXX executable cmTryCompileExec4188859720
/usr/bin/cmake -E cmake_link_script CMakeFiles/cmTryCompileExec4188859720.dir/link.txt --verbose=1
/usr/bin/c++      -v CMakeFiles/cmTryCompileExec4188859720.dir/CMakeCXXCompilerABI.cpp.o  -o cmTryCompileExec4188859720 -rdynamic  
Using built-in specs.
COLLECT_GCC=/usr/bin/c++
COLLECT_LTO_WRAPPER=/usr/lib/gcc/x86_64-linux-gnu/4.8/lto-wrapper
Target: x86_64-linux-gnu
Configured with: ../src/configure -v --with-pkgversion='Ubuntu 4.8.2-19ubuntu1' --with-bugurl=file:///usr/share/doc/gcc-4.8/README.Bugs --enable-languages=c,c++,java,go,d,fortran,objc,obj-c++ --prefix=/usr --program-suffix=-4.8 --enable-shared --enable-linker-build-id --libexecdir=/usr/lib --without-included-gettext --enable-threads=posix --with-gxx-include-dir=/usr/include/c++/4.8 --libdir=/usr/lib --enable-nls --with-sysroot=/ --enable-clocale=gnu --enable-libstdcxx-debug --enable-libstdcxx-time=yes --enable-gnu-unique-object --disable-libmudflap --enable-plugin --with-system-zlib --disable-browser-plugin --enable-java-awt=gtk --enable-gtk-cairo --with-java-home=/usr/lib/jvm/java-1.5.0-gcj-4.8-amd64/jre --enable-java-home --with-jvm-root-dir=/usr/lib/jvm/java-1.5.0-gcj-4.8-amd64 --with-jvm-jar-dir=/usr/lib/jvm-exports/java-1.5.0-gcj-4.8-amd64 --with-arch-directory=amd64 --with-ecj-jar=/usr/share/java/eclipse-ecj.jar --enable-objc-gc --enable-multiarch --disable-werror --with-arch-32=i686 --with-abi=m64 --with-multilib-list=m32,m64,mx32 --with-tune=generic --enable-checking=release --build=x86_64-linux-gnu --host=x86_64-linux-gnu --target=x86_64-linux-gnu
Thread model: posix
gcc version 4.8.2 (Ubuntu 4.8.2-19ubuntu1) 
COMPILER_PATH=/usr/lib/gcc/x86_64-linux-gnu/4.8/:/usr/lib/gcc/x86_64-linux-gnu/4.8/:/usr/lib/gcc/x86_64-linux-gnu/:/usr/lib/gcc/x86_64-linux-gnu/4.8/:/usr/lib/gcc/x86_64-linux-gnu/
LIBRARY_PATH=/usr/lib/gcc/x86_64-linux-gnu/4.8/:/usr/lib/gcc/x86_64-linux-gnu/4.8/../../../x86_64-linux-gnu/:/usr/lib/gcc/x86_64-linux-gnu/4.8/../../../../lib/:/lib/x86_64-linux-gnu/:/lib/../lib/:/usr/lib/x86_64-linux-gnu/:/usr/lib/../lib/:/usr/lib/gcc/x86_64-linux-gnu/4.8/../../../:/lib/:/usr/lib/
COLLECT_GCC_OPTIONS='-v' '-o' 'cmTryCompileExec4188859720' '-rdynamic' '-shared-libgcc' '-mtune=generic' '-march=x86-64'
 /usr/lib/gcc/x86_64-linux-gnu/4.8/collect2 --sysroot=/ --build-id --eh-frame-hdr -m elf_x86_64 --hash-style=gnu --as-needed -export-dynamic -dynamic-linker /lib64/ld-linux-x86-64.so.2 -z relro -o cmTryCompileExec4188859720 /usr/lib/gcc/x86_64-linux-gnu/4.8/../../../x86_64-linux-gnu/crt1.o /usr/lib/gcc/x86_64-linux-gnu/4.8/../../../x86_64-linux-gnu/crti.o /usr/lib/gcc/x86_64-linux-gnu/4.8/crtbegin.o -L/usr/lib/gcc/x86_64-linux-gnu/4.8 -L/usr/lib/gcc/x86_64-linux-gnu/4.8/../../../x86_64-linux-gnu -L/usr/lib/gcc/x86_64-linux-gnu/4.8/../../../../lib -L/lib/x86_64-linux-gnu -L/lib/../lib -L/usr/lib/x86_64-linux-gnu -L/usr/lib/../lib -L/usr/lib/gcc/x86_64-linux-gnu/4.8/../../.. CMakeFiles/cmTryCompileExec4188859720.dir/CMakeCXXCompilerABI.cpp.o -lstdc++ -lm -lgcc_s -lgcc -lc -lgcc_s -lgcc /usr/lib/gcc/x86_64-linux-gnu/4.8/crtend.o /usr/lib/gcc/x86_64-linux-gnu/4.8/../../../x86_64-linux-gnu/crtn.o
make[1]: Leaving directory `/home/josh/dlib-18.17/python_examples/build/CMakeFiles/CMakeTmp'


Parsed CXX implicit link information from above output:
  link line regex: [^( *|.*[/\])(ld|([^/\]+-)?ld|collect2)[^/\]*( |$)]
  ignore line: [Change Dir: /home/josh/dlib-18.17/python_examples/build/CMakeFiles/CMakeTmp]
  ignore line: []
  ignore line: [Run Build Command:/usr/bin/make "cmTryCompileExec4188859720/fast"]
  ignore line: [/usr/bin/make -f CMakeFiles/cmTryCompileExec4188859720.dir/build.make CMakeFiles/cmTryCompileExec4188859720.dir/build]
  ignore line: [make[1]: Entering directory `/home/josh/dlib-18.17/python_examples/build/CMakeFiles/CMakeTmp']
  ignore line: [/usr/bin/cmake -E cmake_progress_report /home/josh/dlib-18.17/python_examples/build/CMakeFiles/CMakeTmp/CMakeFiles 1]
  ignore line: [Building CXX object CMakeFiles/cmTryCompileExec4188859720.dir/CMakeCXXCompilerABI.cpp.o]
  ignore line: [/usr/bin/c++     -o CMakeFiles/cmTryCompileExec4188859720.dir/CMakeCXXCompilerABI.cpp.o -c /usr/share/cmake-2.8/Modules/CMakeCXXCompilerABI.cpp]
  ignore line: [Linking CXX executable cmTryCompileExec4188859720]
  ignore line: [/usr/bin/cmake -E cmake_link_script CMakeFiles/cmTryCompileExec4188859720.dir/link.txt --verbose=1]
  ignore line: [/usr/bin/c++      -v CMakeFiles/cmTryCompileExec4188859720.dir/CMakeCXXCompilerABI.cpp.o  -o cmTryCompileExec4188859720 -rdynamic  ]
  ignore line: [Using built-in specs.]
  ignore line: [COLLECT_GCC=/usr/bin/c++]
  ignore line: [COLLECT_LTO_WRAPPER=/usr/lib/gcc/x86_64-linux-gnu/4.8/lto-wrapper]
  ignore line: [Target: x86_64-linux-gnu]
  ignore line: [Configured with: ../src/configure -v --with-pkgversion='Ubuntu 4.8.2-19ubuntu1' --with-bugurl=file:///usr/share/doc/gcc-4.8/README.Bugs --enable-languages=c,c++,java,go,d,fortran,objc,obj-c++ --prefix=/usr --program-suffix=-4.8 --enable-shared --enable-linker-build-id --libexecdir=/usr/lib --without-included-gettext --enable-threads=posix --with-gxx-include-dir=/usr/include/c++/4.8 --libdir=/usr/lib --enable-nls --with-sysroot=/ --enable-clocale=gnu --enable-libstdcxx-debug --enable-libstdcxx-time=yes --enable-gnu-unique-object --disable-libmudflap --enable-plugin --with-system-zlib --disable-browser-plugin --enable-java-awt=gtk --enable-gtk-cairo --with-java-home=/usr/lib/jvm/java-1.5.0-gcj-4.8-amd64/jre --enable-java-home --with-jvm-root-dir=/usr/lib/jvm/java-1.5.0-gcj-4.8-amd64 --with-jvm-jar-dir=/usr/lib/jvm-exports/java-1.5.0-gcj-4.8-amd64 --with-arch-directory=amd64 --with-ecj-jar=/usr/share/java/eclipse-ecj.jar --enable-objc-gc --enable-multiarch --disable-werror --with-arch-32=i686 --with-abi=m64 --with-multilib-list=m32,m64,mx32 --with-tune=generic --enable-checking=release --build=x86_64-linux-gnu --host=x86_64-linux-gnu --target=x86_64-linux-gnu]
  ignore line: [Thread model: posix]
  ignore line: [gcc version 4.8.2 (Ubuntu 4.8.2-19ubuntu1) ]
  ignore line: [COMPILER_PATH=/usr/lib/gcc/x86_64-linux-gnu/4.8/:/usr/lib/gcc/x86_64-linux-gnu/4.8/:/usr/lib/gcc/x86_64-linux-gnu/:/usr/lib/gcc/x86_64-linux-gnu/4.8/:/usr/lib/gcc/x86_64-linux-gnu/]
  ignore line: [LIBRARY_PATH=/usr/lib/gcc/x86_64-linux-gnu/4.8/:/usr/lib/gcc/x86_64-linux-gnu/4.8/../../../x86_64-linux-gnu/:/usr/lib/gcc/x86_64-linux-gnu/4.8/../../../../lib/:/lib/x86_64-linux-gnu/:/lib/../lib/:/usr/lib/x86_64-linux-gnu/:/usr/lib/../lib/:/usr/lib/gcc/x86_64-linux-gnu/4.8/../../../:/lib/:/usr/lib/]
  ignore line: [COLLECT_GCC_OPTIONS='-v' '-o' 'cmTryCompileExec4188859720' '-rdynamic' '-shared-libgcc' '-mtune=generic' '-march=x86-64']
  link line: [ /usr/lib/gcc/x86_64-linux-gnu/4.8/collect2 --sysroot=/ --build-id --eh-frame-hdr -m elf_x86_64 --hash-style=gnu --as-needed -export-dynamic -dynamic-linker /lib64/ld-linux-x86-64.so.2 -z relro -o cmTryCompileExec4188859720 /usr/lib/gcc/x86_64-linux-gnu/4.8/../../../x86_64-linux-gnu/crt1.o /usr/lib/gcc/x86_64-linux-gnu/4.8/../../../x86_64-linux-gnu/crti.o /usr/lib/gcc/x86_64-linux-gnu/4.8/crtbegin.o -L/usr/lib/gcc/x86_64-linux-gnu/4.8 -L/usr/lib/gcc/x86_64-linux-gnu/4.8/../../../x86_64-linux-gnu -L/usr/lib/gcc/x86_64-linux-gnu/4.8/../../../../lib -L/lib/x86_64-linux-gnu -L/lib/../lib -L/usr/lib/x86_64-linux-gnu -L/usr/lib/../lib -L/usr/lib/gcc/x86_64-linux-gnu/4.8/../../.. CMakeFiles/cmTryCompileExec4188859720.dir/CMakeCXXCompilerABI.cpp.o -lstdc++ -lm -lgcc_s -lgcc -lc -lgcc_s -lgcc /usr/lib/gcc/x86_64-linux-gnu/4.8/crtend.o /usr/lib/gcc/x86_64-linux-gnu/4.8/../../../x86_64-linux-gnu/crtn.o]
    arg [/usr/lib/gcc/x86_64-linux-gnu/4.8/collect2] ==> ignore
    arg [--sysroot=/] ==> ignore
    arg [--build-id] ==> ignore
    arg [--eh-frame-hdr] ==> ignore
    arg [-m] ==> ignore
    arg [elf_x86_64] ==> ignore
    arg [--hash-style=gnu] ==> ignore
    arg [--as-needed] ==> ignore
    arg [-export-dynamic] ==> ignore
    arg [-dynamic-linker] ==> ignore
    arg [/lib64/ld-linux-x86-64.so.2] ==> ignore
    arg [-zrelro] ==> ignore
    arg [-o] ==> ignore
    arg [cmTryCompileExec4188859720] ==> ignore
    arg [/usr/lib/gcc/x86_64-linux-gnu/4.8/../../../x86_64-linux-gnu/crt1.o] ==> ignore
    arg [/usr/lib/gcc/x86_64-linux-gnu/4.8/../../../x86_64-linux-gnu/crti.o] ==> ignore
    arg [/usr/lib/gcc/x86_64-linux-gnu/4.8/crtbegin.o] ==> ignore
    arg [-L/usr/lib/gcc/x86_64-linux-gnu/4.8] ==> dir [/usr/lib/gcc/x86_64-linux-gnu/4.8]
    arg [-L/usr/lib/gcc/x86_64-linux-gnu/4.8/../../../x86_64-linux-gnu] ==> dir [/usr/lib/gcc/x86_64-linux-gnu/4.8/../../../x86_64-linux-gnu]
    arg [-L/usr/lib/gcc/x86_64-linux-gnu/4.8/../../../../lib] ==> dir [/usr/lib/gcc/x86_64-linux-gnu/4.8/../../../../lib]
    arg [-L/lib/x86_64-linux-gnu] ==> dir [/lib/x86_64-linux-gnu]
    arg [-L/lib/../lib] ==> dir [/lib/../lib]
    arg [-L/usr/lib/x86_64-linux-gnu] ==> dir [/usr/lib/x86_64-linux-gnu]
    arg [-L/usr/lib/../lib] ==> dir [/usr/lib/../lib]
    arg [-L/usr/lib/gcc/x86_64-linux-gnu/4.8/../../..] ==> dir [/usr/lib/gcc/x86_64-linux-gnu/4.8/../../..]
    arg [CMakeFiles/cmTryCompileExec4188859720.dir/CMakeCXXCompilerABI.cpp.o] ==> ignore
    arg [-lstdc++] ==> lib [stdc++]
    arg [-lm] ==> lib [m]
    arg [-lgcc_s] ==> lib [gcc_s]
    arg [-lgcc] ==> lib [gcc]
    arg [-lc] ==> lib [c]
    arg [-lgcc_s] ==> lib [gcc_s]
    arg [-lgcc] ==> lib [gcc]
    arg [/usr/lib/gcc/x86_64-linux-gnu/4.8/crtend.o] ==> ignore
    arg [/usr/lib/gcc/x86_64-linux-gnu/4.8/../../../x86_64-linux-gnu/crtn.o] ==> ignore
  remove lib [gcc_s]
  remove lib [gcc]
  remove lib [gcc_s]
  remove lib [gcc]
  collapse library dir [/usr/lib/gcc/x86_64-linux-gnu/4.8] ==> [/usr/lib/gcc/x86_64-linux-gnu/4.8]
  collapse library dir [/usr/lib/gcc/x86_64-linux-gnu/4.8/../../../x86_64-linux-gnu] ==> [/usr/lib/x86_64-linux-gnu]
  collapse library dir [/usr/lib/gcc/x86_64-linux-gnu/4.8/../../../../lib] ==> [/usr/lib]
  collapse library dir [/lib/x86_64-linux-gnu] ==> [/lib/x86_64-linux-gnu]
  collapse library dir [/lib/../lib] ==> [/lib]
  collapse library dir [/usr/lib/x86_64-linux-gnu] ==> [/usr/lib/x86_64-linux-gnu]
  collapse library dir [/usr/lib/../lib] ==> [/usr/lib]
  collapse library dir [/usr/lib/gcc/x86_64-linux-gnu/4.8/../../..] ==> [/usr/lib]
  implicit libs: [stdc++;m;c]
  implicit dirs: [/usr/lib/gcc/x86_64-linux-gnu/4.8;/usr/lib/x86_64-linux-gnu;/usr/lib;/lib/x86_64-linux-gnu;/lib]
  implicit fwks: []


Determining if the function XOpenDisplay exists in the /usr/lib/x86_64-linux-gnu/libX11.so;/usr/lib/x86_64-linux-gnu/libXext.so passed with the following output:
Change Dir: /home/josh/dlib-18.17/python_examples/build/CMakeFiles/CMakeTmp

Run Build Command:/usr/bin/make "cmTryCompileExec3232516992/fast"
/usr/bin/make -f CMakeFiles/cmTryCompileExec3232516992.dir/build.make CMakeFiles/cmTryCompileExec3232516992.dir/build
make[1]: Entering directory `/home/josh/dlib-18.17/python_examples/build/CMakeFiles/CMakeTmp'
/usr/bin/cmake -E cmake_progress_report /home/josh/dlib-18.17/python_examples/build/CMakeFiles/CMakeTmp/CMakeFiles 1
Building C object CMakeFiles/cmTryCompileExec3232516992.dir/CheckFunctionExists.c.o
/usr/bin/cc   -DCHECK_FUNCTION_EXISTS=XOpenDisplay   -o CMakeFiles/cmTryCompileExec3232516992.dir/CheckFunctionExists.c.o   -c /usr/share/cmake-2.8/Modules/CheckFunctionExists.c
Linking C executable cmTryCompileExec3232516992
/usr/bin/cmake -E cmake_link_script CMakeFiles/cmTryCompileExec3232516992.dir/link.txt --verbose=1
/usr/bin/cc   -DCHECK_FUNCTION_EXISTS=XOpenDisplay    CMakeFiles/cmTryCompileExec3232516992.dir/CheckFunctionExists.c.o  -o cmTryCompileExec3232516992 -rdynamic -lX11 -lXext 
make[1]: Leaving directory `/home/josh/dlib-18.17/python_examples/build/CMakeFiles/CMakeTmp'


Determining if the function gethostbyname exists passed with the following output:
Change Dir: /home/josh/dlib-18.17/python_examples/build/CMakeFiles/CMakeTmp

Run Build Command:/usr/bin/make "cmTryCompileExec2414377975/fast"
/usr/bin/make -f CMakeFiles/cmTryCompileExec2414377975.dir/build.make CMakeFiles/cmTryCompileExec2414377975.dir/build
make[1]: Entering directory `/home/josh/dlib-18.17/python_examples/build/CMakeFiles/CMakeTmp'
/usr/bin/cmake -E cmake_progress_report /home/josh/dlib-18.17/python_examples/build/CMakeFiles/CMakeTmp/CMakeFiles 1
Building C object CMakeFiles/cmTryCompileExec2414377975.dir/CheckFunctionExists.c.o
/usr/bin/cc   -DCHECK_FUNCTION_EXISTS=gethostbyname   -o CMakeFiles/cmTryCompileExec2414377975.dir/CheckFunctionExists.c.o   -c /usr/share/cmake-2.8/Modules/CheckFunctionExists.c
Linking C executable cmTryCompileExec2414377975
/usr/bin/cmake -E cmake_link_script CMakeFiles/cmTryCompileExec2414377975.dir/link.txt --verbose=1
/usr/bin/cc   -DCHECK_FUNCTION_EXISTS=gethostbyname    CMakeFiles/cmTryCompileExec2414377975.dir/CheckFunctionExists.c.o  -o cmTryCompileExec2414377975 -rdynamic 
make[1]: Leaving directory `/home/josh/dlib-18.17/python_examples/build/CMakeFiles/CMakeTmp'


Determining if the function connect exists passed with the following output:
Change Dir: /home/josh/dlib-18.17/python_examples/build/CMakeFiles/CMakeTmp

Run Build Command:/usr/bin/make "cmTryCompileExec991387417/fast"
/usr/bin/make -f CMakeFiles/cmTryCompileExec991387417.dir/build.make CMakeFiles/cmTryCompileExec991387417.dir/build
make[1]: Entering directory `/home/josh/dlib-18.17/python_examples/build/CMakeFiles/CMakeTmp'
/usr/bin/cmake -E cmake_progress_report /home/josh/dlib-18.17/python_examples/build/CMakeFiles/CMakeTmp/CMakeFiles 1
Building C object CMakeFiles/cmTryCompileExec991387417.dir/CheckFunctionExists.c.o
/usr/bin/cc   -DCHECK_FUNCTION_EXISTS=connect   -o CMakeFiles/cmTryCompileExec991387417.dir/CheckFunctionExists.c.o   -c /usr/share/cmake-2.8/Modules/CheckFunctionExists.c
Linking C executable cmTryCompileExec991387417
/usr/bin/cmake -E cmake_link_script CMakeFiles/cmTryCompileExec991387417.dir/link.txt --verbose=1
/usr/bin/cc   -DCHECK_FUNCTION_EXISTS=connect    CMakeFiles/cmTryCompileExec991387417.dir/CheckFunctionExists.c.o  -o cmTryCompileExec991387417 -rdynamic 
make[1]: Leaving directory `/home/josh/dlib-18.17/python_examples/build/CMakeFiles/CMakeTmp'


Determining if the function remove exists passed with the following output:
Change Dir: /home/josh/dlib-18.17/python_examples/build/CMakeFiles/CMakeTmp

Run Build Command:/usr/bin/make "cmTryCompileExec311420058/fast"
/usr/bin/make -f CMakeFiles/cmTryCompileExec311420058.dir/build.make CMakeFiles/cmTryCompileExec311420058.dir/build
make[1]: Entering directory `/home/josh/dlib-18.17/python_examples/build/CMakeFiles/CMakeTmp'
/usr/bin/cmake -E cmake_progress_report /home/josh/dlib-18.17/python_examples/build/CMakeFiles/CMakeTmp/CMakeFiles 1
Building C object CMakeFiles/cmTryCompileExec311420058.dir/CheckFunctionExists.c.o
/usr/bin/cc   -DCHECK_FUNCTION_EXISTS=remove   -o CMakeFiles/cmTryCompileExec311420058.dir/CheckFunctionExists.c.o   -c /usr/share/cmake-2.8/Modules/CheckFunctionExists.c
Linking C executable cmTryCompileExec311420058
/usr/bin/cmake -E cmake_link_script CMakeFiles/cmTryCompileExec311420058.dir/link.txt --verbose=1
/usr/bin/cc   -DCHECK_FUNCTION_EXISTS=remove    CMakeFiles/cmTryCompileExec311420058.dir/CheckFunctionExists.c.o  -o cmTryCompileExec311420058 -rdynamic 
make[1]: Leaving directory `/home/josh/dlib-18.17/python_examples/build/CMakeFiles/CMakeTmp'


Determining if the function shmat exists passed with the following output:
Change Dir: /home/josh/dlib-18.17/python_examples/build/CMakeFiles/CMakeTmp

Run Build Command:/usr/bin/make "cmTryCompileExec873251848/fast"
/usr/bin/make -f CMakeFiles/cmTryCompileExec873251848.dir/build.make CMakeFiles/cmTryCompileExec873251848.dir/build
make[1]: Entering directory `/home/josh/dlib-18.17/python_examples/build/CMakeFiles/CMakeTmp'
/usr/bin/cmake -E cmake_progress_report /home/josh/dlib-18.17/python_examples/build/CMakeFiles/CMakeTmp/CMakeFiles 1
Building C object CMakeFiles/cmTryCompileExec873251848.dir/CheckFunctionExists.c.o
/usr/bin/cc   -DCHECK_FUNCTION_EXISTS=shmat   -o CMakeFiles/cmTryCompileExec873251848.dir/CheckFunctionExists.c.o   -c /usr/share/cmake-2.8/Modules/CheckFunctionExists.c
Linking C executable cmTryCompileExec873251848
/usr/bin/cmake -E cmake_link_script CMakeFiles/cmTryCompileExec873251848.dir/link.txt --verbose=1
/usr/bin/cc   -DCHECK_FUNCTION_EXISTS=shmat    CMakeFiles/cmTryCompileExec873251848.dir/CheckFunctionExists.c.o  -o cmTryCompileExec873251848 -rdynamic 
make[1]: Leaving directory `/home/josh/dlib-18.17/python_examples/build/CMakeFiles/CMakeTmp'


Determining if the function IceConnectionNumber exists in the ICE passed with the following output:
Change Dir: /home/josh/dlib-18.17/python_examples/build/CMakeFiles/CMakeTmp

Run Build Command:/usr/bin/make "cmTryCompileExec3596552484/fast"
/usr/bin/make -f CMakeFiles/cmTryCompileExec3596552484.dir/build.make CMakeFiles/cmTryCompileExec3596552484.dir/build
make[1]: Entering directory `/home/josh/dlib-18.17/python_examples/build/CMakeFiles/CMakeTmp'
/usr/bin/cmake -E cmake_progress_report /home/josh/dlib-18.17/python_examples/build/CMakeFiles/CMakeTmp/CMakeFiles 1
Building C object CMakeFiles/cmTryCompileExec3596552484.dir/CheckFunctionExists.c.o
/usr/bin/cc   -DCHECK_FUNCTION_EXISTS=IceConnectionNumber   -o CMakeFiles/cmTryCompileExec3596552484.dir/CheckFunctionExists.c.o   -c /usr/share/cmake-2.8/Modules/CheckFunctionExists.c
Linking C executable cmTryCompileExec3596552484
/usr/bin/cmake -E cmake_link_script CMakeFiles/cmTryCompileExec3596552484.dir/link.txt --verbose=1
/usr/bin/cc   -DCHECK_FUNCTION_EXISTS=IceConnectionNumber    CMakeFiles/cmTryCompileExec3596552484.dir/CheckFunctionExists.c.o  -o cmTryCompileExec3596552484 -rdynamic -lICE 
make[1]: Leaving directory `/home/josh/dlib-18.17/python_examples/build/CMakeFiles/CMakeTmp'


Determining if the function png_create_read_struct exists passed with the following output:
Change Dir: /home/josh/dlib-18.17/python_examples/build/CMakeFiles/CMakeTmp

Run Build Command:/usr/bin/make "cmTryCompileExec2856575310/fast"
/usr/bin/make -f CMakeFiles/cmTryCompileExec2856575310.dir/build.make CMakeFiles/cmTryCompileExec2856575310.dir/build
make[1]: Entering directory `/home/josh/dlib-18.17/python_examples/build/CMakeFiles/CMakeTmp'
/usr/bin/cmake -E cmake_progress_report /home/josh/dlib-18.17/python_examples/build/CMakeFiles/CMakeTmp/CMakeFiles 1
Building C object CMakeFiles/cmTryCompileExec2856575310.dir/CheckFunctionExists.c.o
/usr/bin/cc   -DCHECK_FUNCTION_EXISTS=png_create_read_struct   -o CMakeFiles/cmTryCompileExec2856575310.dir/CheckFunctionExists.c.o   -c /usr/share/cmake-2.8/Modules/CheckFunctionExists.c
Linking C executable cmTryCompileExec2856575310
/usr/bin/cmake -E cmake_link_script CMakeFiles/cmTryCompileExec2856575310.dir/link.txt --verbose=1
/usr/bin/cc   -DCHECK_FUNCTION_EXISTS=png_create_read_struct    CMakeFiles/cmTryCompileExec2856575310.dir/CheckFunctionExists.c.o  -o cmTryCompileExec2856575310 -rdynamic -lpng 
make[1]: Leaving directory `/home/josh/dlib-18.17/python_examples/build/CMakeFiles/CMakeTmp'


Determining if the function jpeg_read_header exists passed with the following output:
Change Dir: /home/josh/dlib-18.17/python_examples/build/CMakeFiles/CMakeTmp

Run Build Command:/usr/bin/make "cmTryCompileExec545632913/fast"
/usr/bin/make -f CMakeFiles/cmTryCompileExec545632913.dir/build.make CMakeFiles/cmTryCompileExec545632913.dir/build
make[1]: Entering directory `/home/josh/dlib-18.17/python_examples/build/CMakeFiles/CMakeTmp'
/usr/bin/cmake -E cmake_progress_report /home/josh/dlib-18.17/python_examples/build/CMakeFiles/CMakeTmp/CMakeFiles 1
Building C object CMakeFiles/cmTryCompileExec545632913.dir/CheckFunctionExists.c.o
/usr/bin/cc   -DCHECK_FUNCTION_EXISTS=jpeg_read_header   -o CMakeFiles/cmTryCompileExec545632913.dir/CheckFunctionExists.c.o   -c /usr/share/cmake-2.8/Modules/CheckFunctionExists.c
Linking C executable cmTryCompileExec545632913
/usr/bin/cmake -E cmake_link_script CMakeFiles/cmTryCompileExec545632913.dir/link.txt --verbose=1
/usr/bin/cc   -DCHECK_FUNCTION_EXISTS=jpeg_read_header    CMakeFiles/cmTryCompileExec545632913.dir/CheckFunctionExists.c.o  -o cmTryCompileExec545632913 -rdynamic -ljpeg 
make[1]: Leaving directory `/home/josh/dlib-18.17/python_examples/build/CMakeFiles/CMakeTmp'


Determining if the include file sys/types.h exists passed with the following output:
Change Dir: /home/josh/dlib-18.17/python_examples/build/CMakeFiles/CMakeTmp

Run Build Command:/usr/bin/make "cmTryCompileExec1272034740/fast"
/usr/bin/make -f CMakeFiles/cmTryCompileExec1272034740.dir/build.make CMakeFiles/cmTryCompileExec1272034740.dir/build
make[1]: Entering directory `/home/josh/dlib-18.17/python_examples/build/CMakeFiles/CMakeTmp'
/usr/bin/cmake -E cmake_progress_report /home/josh/dlib-18.17/python_examples/build/CMakeFiles/CMakeTmp/CMakeFiles 1
Building C object CMakeFiles/cmTryCompileExec1272034740.dir/CheckIncludeFile.c.o
/usr/bin/cc    -o CMakeFiles/cmTryCompileExec1272034740.dir/CheckIncludeFile.c.o   -c /home/josh/dlib-18.17/python_examples/build/CMakeFiles/CMakeTmp/CheckIncludeFile.c
Linking C executable cmTryCompileExec1272034740
/usr/bin/cmake -E cmake_link_script CMakeFiles/cmTryCompileExec1272034740.dir/link.txt --verbose=1
/usr/bin/cc       CMakeFiles/cmTryCompileExec1272034740.dir/CheckIncludeFile.c.o  -o cmTryCompileExec1272034740 -rdynamic 
make[1]: Leaving directory `/home/josh/dlib-18.17/python_examples/build/CMakeFiles/CMakeTmp'


Determining if the include file stdint.h exists passed with the following output:
Change Dir: /home/josh/dlib-18.17/python_examples/build/CMakeFiles/CMakeTmp

Run Build Command:/usr/bin/make "cmTryCompileExec3226448611/fast"
/usr/bin/make -f CMakeFiles/cmTryCompileExec3226448611.dir/build.make CMakeFiles/cmTryCompileExec3226448611.dir/build
make[1]: Entering directory `/home/josh/dlib-18.17/python_examples/build/CMakeFiles/CMakeTmp'
/usr/bin/cmake -E cmake_progress_report /home/josh/dlib-18.17/python_examples/build/CMakeFiles/CMakeTmp/CMakeFiles 1
Building C object CMakeFiles/cmTryCompileExec3226448611.dir/CheckIncludeFile.c.o
/usr/bin/cc    -o CMakeFiles/cmTryCompileExec3226448611.dir/CheckIncludeFile.c.o   -c /home/josh/dlib-18.17/python_examples/build/CMakeFiles/CMakeTmp/CheckIncludeFile.c
Linking C executable cmTryCompileExec3226448611
/usr/bin/cmake -E cmake_link_script CMakeFiles/cmTryCompileExec3226448611.dir/link.txt --verbose=1
/usr/bin/cc       CMakeFiles/cmTryCompileExec3226448611.dir/CheckIncludeFile.c.o  -o cmTryCompileExec3226448611 -rdynamic 
make[1]: Leaving directory `/home/josh/dlib-18.17/python_examples/build/CMakeFiles/CMakeTmp'


Determining if the include file stddef.h exists passed with the following output:
Change Dir: /home/josh/dlib-18.17/python_examples/build/CMakeFiles/CMakeTmp

Run Build Command:/usr/bin/make "cmTryCompileExec650657032/fast"
/usr/bin/make -f CMakeFiles/cmTryCompileExec650657032.dir/build.make CMakeFiles/cmTryCompileExec650657032.dir/build
make[1]: Entering directory `/home/josh/dlib-18.17/python_examples/build/CMakeFiles/CMakeTmp'
/usr/bin/cmake -E cmake_progress_report /home/josh/dlib-18.17/python_examples/build/CMakeFiles/CMakeTmp/CMakeFiles 1
Building C object CMakeFiles/cmTryCompileExec650657032.dir/CheckIncludeFile.c.o
/usr/bin/cc    -o CMakeFiles/cmTryCompileExec650657032.dir/CheckIncludeFile.c.o   -c /home/josh/dlib-18.17/python_examples/build/CMakeFiles/CMakeTmp/CheckIncludeFile.c
Linking C executable cmTryCompileExec650657032
/usr/bin/cmake -E cmake_link_script CMakeFiles/cmTryCompileExec650657032.dir/link.txt --verbose=1
/usr/bin/cc       CMakeFiles/cmTryCompileExec650657032.dir/CheckIncludeFile.c.o  -o cmTryCompileExec650657032 -rdynamic 
make[1]: Leaving directory `/home/josh/dlib-18.17/python_examples/build/CMakeFiles/CMakeTmp'


Determining size of void* passed with the following output:
Change Dir: /home/josh/dlib-18.17/python_examples/build/CMakeFiles/CMakeTmp

Run Build Command:/usr/bin/make "cmTryCompileExec3280690827/fast"
/usr/bin/make -f CMakeFiles/cmTryCompileExec3280690827.dir/build.make CMakeFiles/cmTryCompileExec3280690827.dir/build
make[1]: Entering directory `/home/josh/dlib-18.17/python_examples/build/CMakeFiles/CMakeTmp'
/usr/bin/cmake -E cmake_progress_report /home/josh/dlib-18.17/python_examples/build/CMakeFiles/CMakeTmp/CMakeFiles 1
Building C object CMakeFiles/cmTryCompileExec3280690827.dir/SIZE_OF_VOID_PTR.c.o
/usr/bin/cc    -o CMakeFiles/cmTryCompileExec3280690827.dir/SIZE_OF_VOID_PTR.c.o   -c /home/josh/dlib-18.17/python_examples/build/CMakeFiles/CheckTypeSize/SIZE_OF_VOID_PTR.c
Linking C executable cmTryCompileExec3280690827
/usr/bin/cmake -E cmake_link_script CMakeFiles/cmTryCompileExec3280690827.dir/link.txt --verbose=1
/usr/bin/cc       CMakeFiles/cmTryCompileExec3280690827.dir/SIZE_OF_VOID_PTR.c.o  -o cmTryCompileExec3280690827 -rdynamic -ljpeg 
make[1]: Leaving directory `/home/josh/dlib-18.17/python_examples/build/CMakeFiles/CMakeTmp'


Determining if the function cblas_ddot exists passed with the following output:
Change Dir: /home/josh/dlib-18.17/python_examples/build/CMakeFiles/CMakeTmp

Run Build Command:/usr/bin/make "cmTryCompileExec1195947300/fast"
/usr/bin/make -f CMakeFiles/cmTryCompileExec1195947300.dir/build.make CMakeFiles/cmTryCompileExec1195947300.dir/build
make[1]: Entering directory `/home/josh/dlib-18.17/python_examples/build/CMakeFiles/CMakeTmp'
/usr/bin/cmake -E cmake_progress_report /home/josh/dlib-18.17/python_examples/build/CMakeFiles/CMakeTmp/CMakeFiles 1
Building C object CMakeFiles/cmTryCompileExec1195947300.dir/CheckFunctionExists.c.o
/usr/bin/cc   -DCHECK_FUNCTION_EXISTS=cblas_ddot   -o CMakeFiles/cmTryCompileExec1195947300.dir/CheckFunctionExists.c.o   -c /usr/share/cmake-2.8/Modules/CheckFunctionExists.c
Linking C executable cmTryCompileExec1195947300
/usr/bin/cmake -E cmake_link_script CMakeFiles/cmTryCompileExec1195947300.dir/link.txt --verbose=1
/usr/bin/cc   -DCHECK_FUNCTION_EXISTS=cblas_ddot    CMakeFiles/cmTryCompileExec1195947300.dir/CheckFunctionExists.c.o  -o cmTryCompileExec1195947300 -rdynamic -lblas 
make[1]: Leaving directory `/home/josh/dlib-18.17/python_examples/build/CMakeFiles/CMakeTmp'


Determining if the CXX compiler has std namespace passed with the following output:
Change Dir: /home/josh/dlib-18.17/python_examples/build/CMakeFiles/CMakeTmp

Run Build Command:/usr/bin/make "cmTryCompileExec3517396410/fast"
/usr/bin/make -f CMakeFiles/cmTryCompileExec3517396410.dir/build.make CMakeFiles/cmTryCompileExec3517396410.dir/build
make[1]: Entering directory `/home/josh/dlib-18.17/python_examples/build/CMakeFiles/CMakeTmp'
/usr/bin/cmake -E cmake_progress_report /home/josh/dlib-18.17/python_examples/build/CMakeFiles/CMakeTmp/CMakeFiles 1
Building CXX object CMakeFiles/cmTryCompileExec3517396410.dir/TestForSTDNamespace.cxx.o
/usr/bin/c++    -Wreturn-type    -o CMakeFiles/cmTryCompileExec3517396410.dir/TestForSTDNamespace.cxx.o -c /usr/share/cmake-2.8/Modules/TestForSTDNamespace.cxx
Linking CXX executable cmTryCompileExec3517396410
/usr/bin/cmake -E cmake_link_script CMakeFiles/cmTryCompileExec3517396410.dir/link.txt --verbose=1
/usr/bin/c++    -Wreturn-type     CMakeFiles/cmTryCompileExec3517396410.dir/TestForSTDNamespace.cxx.o  -o cmTryCompileExec3517396410 -rdynamic 
make[1]: Leaving directory `/home/josh/dlib-18.17/python_examples/build/CMakeFiles/CMakeTmp'


Determining if the include file iostream exists passed with the following output:
Change Dir: /home/josh/dlib-18.17/python_examples/build/CMakeFiles/CMakeTmp

Run Build Command:/usr/bin/make "cmTryCompileExec2002296594/fast"
/usr/bin/make -f CMakeFiles/cmTryCompileExec2002296594.dir/build.make CMakeFiles/cmTryCompileExec2002296594.dir/build
make[1]: Entering directory `/home/josh/dlib-18.17/python_examples/build/CMakeFiles/CMakeTmp'
/usr/bin/cmake -E cmake_progress_report /home/josh/dlib-18.17/python_examples/build/CMakeFiles/CMakeTmp/CMakeFiles 1
Building CXX object CMakeFiles/cmTryCompileExec2002296594.dir/CheckIncludeFile.cxx.o
/usr/bin/c++    -Wreturn-type    -o CMakeFiles/cmTryCompileExec2002296594.dir/CheckIncludeFile.cxx.o -c /home/josh/dlib-18.17/python_examples/build/CMakeFiles/CMakeTmp/CheckIncludeFile.cxx
Linking CXX executable cmTryCompileExec2002296594
/usr/bin/cmake -E cmake_link_script CMakeFiles/cmTryCompileExec2002296594.dir/link.txt --verbose=1
/usr/bin/c++    -Wreturn-type     CMakeFiles/cmTryCompileExec2002296594.dir/CheckIncludeFile.cxx.o  -o cmTryCompileExec2002296594 -rdynamic 
make[1]: Leaving directory `/home/josh/dlib-18.17/python_examples/build/CMakeFiles/CMakeTmp'


